2025-05-27 08:21:53 INFO  c.e.u.UniversityAppApplication - Starting UniversityAppApplication using Java 22.0.1 with PID 23992 (D:\UNIVERSITY\JavaProjects\university\UniversityApp\target\classes started by zin04 in D:\UNIVERSITY\JavaProjects\university\UniversityApp)
2025-05-27 08:21:53 INFO  c.e.u.UniversityAppApplication - No active profile set, falling back to 1 default profile: "default"
2025-05-27 08:21:53 INFO  o.s.b.d.restart.ChangeableUrls - The Class-Path manifest attribute in C:\Users\zin04\.m2\repository\org\glassfish\jaxb\jaxb-runtime\2.3.1\jaxb-runtime-2.3.1.jar referenced one or more files that do not exist: file:/C:/Users/zin04/.m2/repository/org/glassfish/jaxb/jaxb-runtime/2.3.1/jaxb-api-2.3.1.jar,file:/C:/Users/zin04/.m2/repository/org/glassfish/jaxb/jaxb-runtime/2.3.1/txw2-2.3.1.jar,file:/C:/Users/zin04/.m2/repository/org/glassfish/jaxb/jaxb-runtime/2.3.1/istack-commons-runtime-3.0.7.jar,file:/C:/Users/zin04/.m2/repository/org/glassfish/jaxb/jaxb-runtime/2.3.1/stax-ex-1.8.jar,file:/C:/Users/zin04/.m2/repository/org/glassfish/jaxb/jaxb-runtime/2.3.1/FastInfoset-1.2.15.jar,file:/C:/Users/zin04/.m2/repository/org/glassfish/jaxb/jaxb-runtime/2.3.1/javax.activation-api-1.2.0.jar
2025-05-27 08:21:53 INFO  o.s.b.d.e.DevToolsPropertyDefaultsPostProcessor - Devtools property defaults active! Set 'spring.devtools.add-properties' to 'false' to disable
2025-05-27 08:21:53 INFO  o.s.b.d.e.DevToolsPropertyDefaultsPostProcessor - For additional web related logging consider setting the 'logging.level.web' property to 'DEBUG'
2025-05-27 08:21:54 INFO  o.s.d.r.c.RepositoryConfigurationDelegate - Bootstrapping Spring Data JPA repositories in DEFAULT mode.
2025-05-27 08:21:54 INFO  o.s.d.r.c.RepositoryConfigurationDelegate - Finished Spring Data repository scanning in 40 ms. Found 4 JPA repository interfaces.
2025-05-27 08:21:54 INFO  o.s.b.w.e.tomcat.TomcatWebServer - Tomcat initialized with port 8080 (http)
2025-05-27 08:21:54 INFO  o.a.coyote.http11.Http11NioProtocol - Initializing ProtocolHandler ["http-nio-8080"]
2025-05-27 08:21:54 INFO  o.a.catalina.core.StandardService - Starting service [Tomcat]
2025-05-27 08:21:54 INFO  o.a.catalina.core.StandardEngine - Starting Servlet engine: [Apache Tomcat/10.1.41]
2025-05-27 08:21:54 INFO  o.a.c.c.C.[Tomcat].[localhost].[/] - Initializing Spring embedded WebApplicationContext
2025-05-27 08:21:54 INFO  o.s.b.w.s.c.ServletWebServerApplicationContext - Root WebApplicationContext: initialization completed in 1033 ms
2025-05-27 08:21:54 INFO  o.h.jpa.internal.util.LogHelper - HHH000204: Processing PersistenceUnitInfo [name: default]
2025-05-27 08:21:54 INFO  org.hibernate.Version - HHH000412: Hibernate ORM core version 6.6.15.Final
2025-05-27 08:21:54 INFO  o.h.c.i.RegionFactoryInitiator - HHH000026: Second-level cache disabled
2025-05-27 08:21:55 INFO  o.s.o.j.p.SpringPersistenceUnitInfo - No LoadTimeWeaver setup: ignoring JPA class transformer
2025-05-27 08:21:55 INFO  com.zaxxer.hikari.HikariDataSource - HikariPool-1 - Starting...
2025-05-27 08:21:55 INFO  com.zaxxer.hikari.pool.HikariPool - HikariPool-1 - Added connection org.postgresql.jdbc.PgConnection@5034fcf7
2025-05-27 08:21:55 INFO  com.zaxxer.hikari.HikariDataSource - HikariPool-1 - Start completed.
2025-05-27 08:21:55 INFO  o.hibernate.orm.connections.pooling - HHH10001005: Database info:
	Database JDBC URL [Connecting through datasource 'HikariDataSource (HikariPool-1)']
	Database driver: undefined/unknown
	Database version: 17.5
	Autocommit mode: undefined/unknown
	Isolation level: undefined/unknown
	Minimum pool size: undefined/unknown
	Maximum pool size: undefined/unknown
2025-05-27 08:21:55 INFO  o.h.e.t.j.p.i.JtaPlatformInitiator - HHH000489: No JTA platform available (set 'hibernate.transaction.jta.platform' to enable JTA platform integration)
2025-05-27 08:21:56 INFO  o.s.o.j.LocalContainerEntityManagerFactoryBean - Initialized JPA EntityManagerFactory for persistence unit 'default'
2025-05-27 08:21:56 INFO  o.s.s.c.a.a.c.InitializeAuthenticationProviderBeanManagerConfigurer$InitializeAuthenticationProviderManagerConfigurer - Global AuthenticationManager configured with AuthenticationProvider bean with name authenticationProvider
2025-05-27 08:21:56 WARN  o.s.s.c.a.a.c.InitializeUserDetailsBeanManagerConfigurer$InitializeUserDetailsManagerConfigurer - Global AuthenticationManager configured with an AuthenticationProvider bean. UserDetailsService beans will not be used by Spring Security for automatically configuring username/password login. Consider removing the AuthenticationProvider bean. Alternatively, consider using the UserDetailsService in a manually instantiated DaoAuthenticationProvider. If the current configuration is intentional, to turn off this warning, increase the logging level of 'org.springframework.security.config.annotation.authentication.configuration.InitializeUserDetailsBeanManagerConfigurer' to ERROR
2025-05-27 08:21:56 WARN  o.s.b.a.o.j.JpaBaseConfiguration$JpaWebConfiguration - spring.jpa.open-in-view is enabled by default. Therefore, database queries may be performed during view rendering. Explicitly configure spring.jpa.open-in-view to disable this warning
2025-05-27 08:21:56 INFO  o.s.b.d.a.OptionalLiveReloadServer - LiveReload server is running on port 35729
2025-05-27 08:21:56 INFO  o.a.coyote.http11.Http11NioProtocol - Starting ProtocolHandler ["http-nio-8080"]
2025-05-27 08:21:56 INFO  o.s.b.w.e.tomcat.TomcatWebServer - Tomcat started on port 8080 (http) with context path '/'
2025-05-27 08:21:56 INFO  c.e.u.UniversityAppApplication - Started UniversityAppApplication in 3.68 seconds (process running for 4.279)
2025-05-27 08:22:05 INFO  o.a.c.c.C.[Tomcat].[localhost].[/] - Initializing Spring DispatcherServlet 'dispatcherServlet'
2025-05-27 08:22:05 INFO  o.s.web.servlet.DispatcherServlet - Initializing Servlet 'dispatcherServlet'
2025-05-27 08:22:05 INFO  o.s.web.servlet.DispatcherServlet - Completed initialization in 0 ms
2025-05-27 08:25:40 INFO  o.s.b.d.a.LocalDevToolsAutoConfiguration$RestartingClassPathChangeChangedEventListener - Restarting due to 2 class path changes (1 addition, 1 deletion, 0 modifications)
2025-05-27 08:25:40 INFO  o.s.b.w.e.tomcat.GracefulShutdown - Commencing graceful shutdown. Waiting for active requests to complete
2025-05-27 08:25:40 INFO  o.a.coyote.http11.Http11NioProtocol - Pausing ProtocolHandler ["http-nio-8080"]
2025-05-27 08:25:40 INFO  o.s.b.w.e.tomcat.GracefulShutdown - Graceful shutdown complete
2025-05-27 08:25:40 INFO  o.a.coyote.http11.Http11NioProtocol - Stopping ProtocolHandler ["http-nio-8080"]
2025-05-27 08:25:40 INFO  o.s.o.j.LocalContainerEntityManagerFactoryBean - Closing JPA EntityManagerFactory for persistence unit 'default'
2025-05-27 08:25:40 INFO  com.zaxxer.hikari.HikariDataSource - HikariPool-1 - Shutdown initiated...
2025-05-27 08:25:40 INFO  com.zaxxer.hikari.HikariDataSource - HikariPool-1 - Shutdown completed.
2025-05-27 09:04:27 INFO  c.e.u.UniversityAppApplication - Starting UniversityAppApplication using Java 22.0.1 with PID 12352 (D:\UNIVERSITY\JavaProjects\university\UniversityApp\target\classes started by zin04 in D:\UNIVERSITY\JavaProjects\university\UniversityApp)
2025-05-27 09:04:27 INFO  c.e.u.UniversityAppApplication - No active profile set, falling back to 1 default profile: "default"
2025-05-27 09:04:27 INFO  o.s.b.d.e.DevToolsPropertyDefaultsPostProcessor - Devtools property defaults active! Set 'spring.devtools.add-properties' to 'false' to disable
2025-05-27 09:04:27 INFO  o.s.b.d.e.DevToolsPropertyDefaultsPostProcessor - For additional web related logging consider setting the 'logging.level.web' property to 'DEBUG'
2025-05-27 09:04:27 INFO  o.s.d.r.c.RepositoryConfigurationDelegate - Bootstrapping Spring Data JPA repositories in DEFAULT mode.
2025-05-27 09:04:27 INFO  o.s.d.r.c.RepositoryConfigurationDelegate - Finished Spring Data repository scanning in 40 ms. Found 4 JPA repository interfaces.
2025-05-27 09:04:28 INFO  o.s.b.w.e.tomcat.TomcatWebServer - Tomcat initialized with port 8080 (http)
2025-05-27 09:04:28 INFO  o.s.b.w.s.c.ServletWebServerApplicationContext - Root WebApplicationContext: initialization completed in 1189 ms
2025-05-27 09:04:28 INFO  o.h.jpa.internal.util.LogHelper - HHH000204: Processing PersistenceUnitInfo [name: default]
2025-05-27 09:04:28 INFO  org.hibernate.Version - HHH000412: Hibernate ORM core version 6.5.2.Final
2025-05-27 09:04:28 INFO  o.h.c.i.RegionFactoryInitiator - HHH000026: Second-level cache disabled
2025-05-27 09:04:28 INFO  o.s.o.j.p.SpringPersistenceUnitInfo - No LoadTimeWeaver setup: ignoring JPA class transformer
2025-05-27 09:04:28 INFO  com.zaxxer.hikari.HikariDataSource - HikariPool-1 - Starting...
2025-05-27 09:04:29 INFO  com.zaxxer.hikari.pool.HikariPool - HikariPool-1 - Added connection org.postgresql.jdbc.PgConnection@71f617b2
2025-05-27 09:04:29 INFO  com.zaxxer.hikari.HikariDataSource - HikariPool-1 - Start completed.
2025-05-27 09:04:29 INFO  o.h.e.t.j.p.i.JtaPlatformInitiator - HHH000489: No JTA platform available (set 'hibernate.transaction.jta.platform' to enable JTA platform integration)
2025-05-27 09:04:29 INFO  o.s.o.j.LocalContainerEntityManagerFactoryBean - Initialized JPA EntityManagerFactory for persistence unit 'default'
2025-05-27 09:04:30 INFO  o.s.s.c.a.a.c.InitializeAuthenticationProviderBeanManagerConfigurer$InitializeAuthenticationProviderManagerConfigurer - Global AuthenticationManager configured with AuthenticationProvider bean with name authenticationProvider
2025-05-27 09:04:30 WARN  o.s.s.c.a.a.c.InitializeUserDetailsBeanManagerConfigurer$InitializeUserDetailsManagerConfigurer - Global AuthenticationManager configured with an AuthenticationProvider bean. UserDetailsService beans will not be used for username/password login. Consider removing the AuthenticationProvider bean. Alternatively, consider using the UserDetailsService in a manually instantiated DaoAuthenticationProvider.
2025-05-27 09:04:30 INFO  o.s.s.web.DefaultSecurityFilterChain - Will secure any request with [org.springframework.security.web.session.DisableEncodeUrlFilter@41bca6c5, org.springframework.security.web.context.request.async.WebAsyncManagerIntegrationFilter@1a81756e, org.springframework.security.web.context.SecurityContextHolderFilter@6c967c2e, org.springframework.security.web.header.HeaderWriterFilter@567461b9, org.springframework.web.filter.CorsFilter@58eaf1a7, org.springframework.security.web.authentication.logout.LogoutFilter@3dce4b88, com.example.universityapp.security.JwtAuthenticationFilter@26a11255, org.springframework.security.web.authentication.UsernamePasswordAuthenticationFilter@2981637, org.springframework.security.web.savedrequest.RequestCacheAwareFilter@4e2dd601, org.springframework.security.web.servletapi.SecurityContextHolderAwareRequestFilter@6a366080, org.springframework.security.web.authentication.AnonymousAuthenticationFilter@296928d2, org.springframework.security.web.session.SessionManagementFilter@599e3a9, org.springframework.security.web.access.ExceptionTranslationFilter@38cc5f8d, org.springframework.security.web.access.intercept.AuthorizationFilter@26cfb521]
2025-05-27 09:04:30 INFO  o.s.b.d.a.OptionalLiveReloadServer - LiveReload server is running on port 35729
2025-05-27 09:04:30 INFO  o.s.b.w.e.tomcat.TomcatWebServer - Tomcat started on port 8080 (http) with context path '/'
2025-05-27 09:04:30 INFO  c.e.u.UniversityAppApplication - Started UniversityAppApplication in 3.934 seconds (process running for 4.5)
2025-05-27 09:05:28 INFO  o.s.web.servlet.DispatcherServlet - Initializing Servlet 'dispatcherServlet'
2025-05-27 09:05:28 INFO  o.s.web.servlet.DispatcherServlet - Completed initialization in 1 ms
2025-05-27 09:08:53 INFO  o.s.b.d.a.LocalDevToolsAutoConfiguration$RestartingClassPathChangeChangedEventListener - Restarting due to 1 class path change (0 additions, 0 deletions, 1 modification)
2025-05-27 09:08:53 INFO  o.s.o.j.LocalContainerEntityManagerFactoryBean - Closing JPA EntityManagerFactory for persistence unit 'default'
2025-05-27 09:08:53 INFO  com.zaxxer.hikari.HikariDataSource - HikariPool-1 - Shutdown initiated...
2025-05-27 09:08:53 INFO  com.zaxxer.hikari.HikariDataSource - HikariPool-1 - Shutdown completed.
2025-05-27 09:08:53 INFO  c.e.u.UniversityAppApplication - Starting UniversityAppApplication using Java 22.0.1 with PID 12352 (D:\UNIVERSITY\JavaProjects\university\UniversityApp\target\classes started by zin04 in D:\UNIVERSITY\JavaProjects\university\UniversityApp)
2025-05-27 09:08:53 INFO  c.e.u.UniversityAppApplication - No active profile set, falling back to 1 default profile: "default"
2025-05-27 09:08:53 INFO  o.s.d.r.c.RepositoryConfigurationDelegate - Bootstrapping Spring Data JPA repositories in DEFAULT mode.
2025-05-27 09:08:53 INFO  o.s.d.r.c.RepositoryConfigurationDelegate - Finished Spring Data repository scanning in 10 ms. Found 4 JPA repository interfaces.
2025-05-27 09:08:53 INFO  o.s.b.w.e.tomcat.TomcatWebServer - Tomcat initialized with port 8080 (http)
2025-05-27 09:08:53 INFO  o.s.b.w.s.c.ServletWebServerApplicationContext - Root WebApplicationContext: initialization completed in 253 ms
2025-05-27 09:08:54 INFO  o.h.jpa.internal.util.LogHelper - HHH000204: Processing PersistenceUnitInfo [name: default]
2025-05-27 09:08:54 INFO  o.h.c.i.RegionFactoryInitiator - HHH000026: Second-level cache disabled
2025-05-27 09:08:54 INFO  o.s.o.j.p.SpringPersistenceUnitInfo - No LoadTimeWeaver setup: ignoring JPA class transformer
2025-05-27 09:08:54 INFO  com.zaxxer.hikari.HikariDataSource - HikariPool-2 - Starting...
2025-05-27 09:08:54 INFO  com.zaxxer.hikari.pool.HikariPool - HikariPool-2 - Added connection org.postgresql.jdbc.PgConnection@51262188
2025-05-27 09:08:54 INFO  com.zaxxer.hikari.HikariDataSource - HikariPool-2 - Start completed.
2025-05-27 09:08:54 INFO  o.h.e.t.j.p.i.JtaPlatformInitiator - HHH000489: No JTA platform available (set 'hibernate.transaction.jta.platform' to enable JTA platform integration)
2025-05-27 09:08:54 INFO  o.s.o.j.LocalContainerEntityManagerFactoryBean - Initialized JPA EntityManagerFactory for persistence unit 'default'
2025-05-27 09:08:54 INFO  o.s.s.c.a.a.c.InitializeAuthenticationProviderBeanManagerConfigurer$InitializeAuthenticationProviderManagerConfigurer - Global AuthenticationManager configured with AuthenticationProvider bean with name authenticationProvider
2025-05-27 09:08:54 WARN  o.s.s.c.a.a.c.InitializeUserDetailsBeanManagerConfigurer$InitializeUserDetailsManagerConfigurer - Global AuthenticationManager configured with an AuthenticationProvider bean. UserDetailsService beans will not be used for username/password login. Consider removing the AuthenticationProvider bean. Alternatively, consider using the UserDetailsService in a manually instantiated DaoAuthenticationProvider.
2025-05-27 09:08:54 INFO  o.s.s.web.DefaultSecurityFilterChain - Will secure any request with [org.springframework.security.web.session.DisableEncodeUrlFilter@391ec8ed, org.springframework.security.web.context.request.async.WebAsyncManagerIntegrationFilter@14cdc34c, org.springframework.security.web.context.SecurityContextHolderFilter@2a849b1a, org.springframework.security.web.header.HeaderWriterFilter@34b83a49, org.springframework.web.filter.CorsFilter@35c837a4, org.springframework.security.web.authentication.logout.LogoutFilter@65d9bd82, com.example.universityapp.security.JwtAuthenticationFilter@41ecef7f, org.springframework.security.web.authentication.UsernamePasswordAuthenticationFilter@36cd7e2, org.springframework.security.web.savedrequest.RequestCacheAwareFilter@5c103543, org.springframework.security.web.servletapi.SecurityContextHolderAwareRequestFilter@298f26fa, org.springframework.security.web.authentication.AnonymousAuthenticationFilter@507e3538, org.springframework.security.web.session.SessionManagementFilter@fa21bcf, org.springframework.security.web.access.ExceptionTranslationFilter@14ac59d0, org.springframework.security.web.access.intercept.AuthorizationFilter@2bf15ab3]
2025-05-27 09:08:54 INFO  o.s.b.d.a.OptionalLiveReloadServer - LiveReload server is running on port 35729
2025-05-27 09:08:54 INFO  o.s.b.w.e.tomcat.TomcatWebServer - Tomcat started on port 8080 (http) with context path '/'
2025-05-27 09:08:54 INFO  c.e.u.UniversityAppApplication - Started UniversityAppApplication in 0.654 seconds (process running for 268.236)
2025-05-27 09:08:54 INFO  o.s.b.d.a.ConditionEvaluationDeltaLoggingListener - Condition evaluation unchanged
2025-05-27 09:09:02 INFO  o.s.o.j.LocalContainerEntityManagerFactoryBean - Closing JPA EntityManagerFactory for persistence unit 'default'
2025-05-27 09:09:02 INFO  com.zaxxer.hikari.HikariDataSource - HikariPool-2 - Shutdown initiated...
2025-05-27 09:09:02 INFO  com.zaxxer.hikari.HikariDataSource - HikariPool-2 - Shutdown completed.
2025-05-27 09:09:05 INFO  c.e.u.UniversityAppApplication - Starting UniversityAppApplication using Java 22.0.1 with PID 10560 (D:\UNIVERSITY\JavaProjects\university\UniversityApp\target\classes started by zin04 in D:\UNIVERSITY\JavaProjects\university\UniversityApp)
2025-05-27 09:09:05 INFO  c.e.u.UniversityAppApplication - No active profile set, falling back to 1 default profile: "default"
2025-05-27 09:09:05 INFO  o.s.b.d.e.DevToolsPropertyDefaultsPostProcessor - Devtools property defaults active! Set 'spring.devtools.add-properties' to 'false' to disable
2025-05-27 09:09:05 INFO  o.s.b.d.e.DevToolsPropertyDefaultsPostProcessor - For additional web related logging consider setting the 'logging.level.web' property to 'DEBUG'
2025-05-27 09:09:06 INFO  o.s.d.r.c.RepositoryConfigurationDelegate - Bootstrapping Spring Data JPA repositories in DEFAULT mode.
2025-05-27 09:09:06 INFO  o.s.d.r.c.RepositoryConfigurationDelegate - Finished Spring Data repository scanning in 45 ms. Found 4 JPA repository interfaces.
2025-05-27 09:09:06 INFO  c.e.u.UniversityAppApplication - Starting UniversityAppApplication using Java 22.0.1 with PID 24640 (D:\UNIVERSITY\JavaProjects\university\UniversityApp\target\classes started by zin04 in D:\UNIVERSITY\JavaProjects\university\UniversityApp)
2025-05-27 09:09:06 INFO  c.e.u.UniversityAppApplication - No active profile set, falling back to 1 default profile: "default"
2025-05-27 09:09:06 INFO  o.s.b.w.e.tomcat.TomcatWebServer - Tomcat initialized with port 8080 (http)
2025-05-27 09:09:06 INFO  o.s.b.d.e.DevToolsPropertyDefaultsPostProcessor - Devtools property defaults active! Set 'spring.devtools.add-properties' to 'false' to disable
2025-05-27 09:09:06 INFO  o.s.b.d.e.DevToolsPropertyDefaultsPostProcessor - For additional web related logging consider setting the 'logging.level.web' property to 'DEBUG'
2025-05-27 09:09:06 INFO  o.s.b.w.s.c.ServletWebServerApplicationContext - Root WebApplicationContext: initialization completed in 1257 ms
2025-05-27 09:09:07 INFO  o.h.jpa.internal.util.LogHelper - HHH000204: Processing PersistenceUnitInfo [name: default]
2025-05-27 09:09:07 INFO  org.hibernate.Version - HHH000412: Hibernate ORM core version 6.5.2.Final
2025-05-27 09:09:07 INFO  o.h.c.i.RegionFactoryInitiator - HHH000026: Second-level cache disabled
2025-05-27 09:09:07 INFO  o.s.o.j.p.SpringPersistenceUnitInfo - No LoadTimeWeaver setup: ignoring JPA class transformer
2025-05-27 09:09:07 INFO  com.zaxxer.hikari.HikariDataSource - HikariPool-1 - Starting...
2025-05-27 09:09:07 INFO  o.s.d.r.c.RepositoryConfigurationDelegate - Bootstrapping Spring Data JPA repositories in DEFAULT mode.
2025-05-27 09:09:07 INFO  o.s.d.r.c.RepositoryConfigurationDelegate - Finished Spring Data repository scanning in 43 ms. Found 4 JPA repository interfaces.
2025-05-27 09:09:07 INFO  com.zaxxer.hikari.pool.HikariPool - HikariPool-1 - Added connection org.postgresql.jdbc.PgConnection@127697d0
2025-05-27 09:09:07 INFO  com.zaxxer.hikari.HikariDataSource - HikariPool-1 - Start completed.
2025-05-27 09:09:07 INFO  o.s.b.w.e.tomcat.TomcatWebServer - Tomcat initialized with port 8080 (http)
2025-05-27 09:09:08 INFO  o.s.b.w.s.c.ServletWebServerApplicationContext - Root WebApplicationContext: initialization completed in 1077 ms
2025-05-27 09:09:08 INFO  o.h.jpa.internal.util.LogHelper - HHH000204: Processing PersistenceUnitInfo [name: default]
2025-05-27 09:09:08 INFO  org.hibernate.Version - HHH000412: Hibernate ORM core version 6.5.2.Final
2025-05-27 09:09:08 INFO  o.h.c.i.RegionFactoryInitiator - HHH000026: Second-level cache disabled
2025-05-27 09:09:08 INFO  o.h.e.t.j.p.i.JtaPlatformInitiator - HHH000489: No JTA platform available (set 'hibernate.transaction.jta.platform' to enable JTA platform integration)
2025-05-27 09:09:08 INFO  o.s.o.j.LocalContainerEntityManagerFactoryBean - Initialized JPA EntityManagerFactory for persistence unit 'default'
2025-05-27 09:09:08 INFO  o.s.o.j.p.SpringPersistenceUnitInfo - No LoadTimeWeaver setup: ignoring JPA class transformer
2025-05-27 09:09:08 INFO  com.zaxxer.hikari.HikariDataSource - HikariPool-1 - Starting...
2025-05-27 09:09:08 INFO  com.zaxxer.hikari.pool.HikariPool - HikariPool-1 - Added connection org.postgresql.jdbc.PgConnection@5d2f106d
2025-05-27 09:09:08 INFO  com.zaxxer.hikari.HikariDataSource - HikariPool-1 - Start completed.
2025-05-27 09:09:08 INFO  o.s.s.c.a.a.c.InitializeAuthenticationProviderBeanManagerConfigurer$InitializeAuthenticationProviderManagerConfigurer - Global AuthenticationManager configured with AuthenticationProvider bean with name authenticationProvider
2025-05-27 09:09:08 WARN  o.s.s.c.a.a.c.InitializeUserDetailsBeanManagerConfigurer$InitializeUserDetailsManagerConfigurer - Global AuthenticationManager configured with an AuthenticationProvider bean. UserDetailsService beans will not be used for username/password login. Consider removing the AuthenticationProvider bean. Alternatively, consider using the UserDetailsService in a manually instantiated DaoAuthenticationProvider.
2025-05-27 09:09:08 INFO  o.s.s.web.DefaultSecurityFilterChain - Will secure any request with [org.springframework.security.web.session.DisableEncodeUrlFilter@15aa09cc, org.springframework.security.web.context.request.async.WebAsyncManagerIntegrationFilter@a770872, org.springframework.security.web.context.SecurityContextHolderFilter@2ca37203, org.springframework.security.web.header.HeaderWriterFilter@353299a9, org.springframework.web.filter.CorsFilter@3799acd, org.springframework.security.web.authentication.logout.LogoutFilter@3d234f5f, com.example.universityapp.security.JwtAuthenticationFilter@4c1bbeca, org.springframework.security.web.authentication.UsernamePasswordAuthenticationFilter@ce0acf5, org.springframework.security.web.savedrequest.RequestCacheAwareFilter@bddf403, org.springframework.security.web.servletapi.SecurityContextHolderAwareRequestFilter@1bc55af, org.springframework.security.web.authentication.AnonymousAuthenticationFilter@53ef7442, org.springframework.security.web.session.SessionManagementFilter@4511e6fa, org.springframework.security.web.access.ExceptionTranslationFilter@1e2bc942, org.springframework.security.web.access.intercept.AuthorizationFilter@7fcc01da]
2025-05-27 09:09:09 INFO  o.s.b.d.a.OptionalLiveReloadServer - LiveReload server is running on port 35729
2025-05-27 09:09:09 INFO  o.s.b.w.e.tomcat.TomcatWebServer - Tomcat started on port 8080 (http) with context path '/'
2025-05-27 09:09:09 INFO  c.e.u.UniversityAppApplication - Started UniversityAppApplication in 3.801 seconds (process running for 4.334)
2025-05-27 09:09:09 INFO  o.h.e.t.j.p.i.JtaPlatformInitiator - HHH000489: No JTA platform available (set 'hibernate.transaction.jta.platform' to enable JTA platform integration)
2025-05-27 09:09:09 INFO  o.s.o.j.LocalContainerEntityManagerFactoryBean - Initialized JPA EntityManagerFactory for persistence unit 'default'
2025-05-27 09:09:09 INFO  o.s.s.c.a.a.c.InitializeAuthenticationProviderBeanManagerConfigurer$InitializeAuthenticationProviderManagerConfigurer - Global AuthenticationManager configured with AuthenticationProvider bean with name authenticationProvider
2025-05-27 09:09:09 WARN  o.s.s.c.a.a.c.InitializeUserDetailsBeanManagerConfigurer$InitializeUserDetailsManagerConfigurer - Global AuthenticationManager configured with an AuthenticationProvider bean. UserDetailsService beans will not be used for username/password login. Consider removing the AuthenticationProvider bean. Alternatively, consider using the UserDetailsService in a manually instantiated DaoAuthenticationProvider.
2025-05-27 09:09:09 INFO  o.s.s.web.DefaultSecurityFilterChain - Will secure any request with [org.springframework.security.web.session.DisableEncodeUrlFilter@62e94a48, org.springframework.security.web.context.request.async.WebAsyncManagerIntegrationFilter@1dd49752, org.springframework.security.web.context.SecurityContextHolderFilter@397cd2d1, org.springframework.security.web.header.HeaderWriterFilter@59e6414d, org.springframework.web.filter.CorsFilter@aeec399, org.springframework.security.web.authentication.logout.LogoutFilter@1319cdb0, com.example.universityapp.security.JwtAuthenticationFilter@6e7374c0, org.springframework.security.web.authentication.UsernamePasswordAuthenticationFilter@7abdb21b, org.springframework.security.web.savedrequest.RequestCacheAwareFilter@7340edd2, org.springframework.security.web.servletapi.SecurityContextHolderAwareRequestFilter@1d1b0074, org.springframework.security.web.authentication.AnonymousAuthenticationFilter@60c44156, org.springframework.security.web.session.SessionManagementFilter@586ed911, org.springframework.security.web.access.ExceptionTranslationFilter@2a9c4cc9, org.springframework.security.web.access.intercept.AuthorizationFilter@1a5ca3c4]
2025-05-27 09:09:10 WARN  o.s.b.d.a.OptionalLiveReloadServer - Unable to start LiveReload server
2025-05-27 09:09:10 WARN  o.s.b.w.s.c.AnnotationConfigServletWebServerApplicationContext - Exception encountered during context initialization - cancelling refresh attempt: org.springframework.context.ApplicationContextException: Failed to start bean 'webServerStartStop'
2025-05-27 09:09:10 INFO  o.s.o.j.LocalContainerEntityManagerFactoryBean - Closing JPA EntityManagerFactory for persistence unit 'default'
2025-05-27 09:09:10 INFO  com.zaxxer.hikari.HikariDataSource - HikariPool-1 - Shutdown initiated...
2025-05-27 09:09:10 INFO  com.zaxxer.hikari.HikariDataSource - HikariPool-1 - Shutdown completed.
2025-05-27 09:09:10 INFO  o.s.b.a.l.ConditionEvaluationReportLogger - 

Error starting ApplicationContext. To display the condition evaluation report re-run your application with 'debug' enabled.
2025-05-27 09:09:10 ERROR o.s.b.d.LoggingFailureAnalysisReporter - 

***************************
APPLICATION FAILED TO START
***************************

Description:

Web server failed to start. Port 8080 was already in use.

Action:

Identify and stop the process that's listening on port 8080 or configure this application to listen on another port.

2025-05-27 09:09:24 INFO  o.s.o.j.LocalContainerEntityManagerFactoryBean - Closing JPA EntityManagerFactory for persistence unit 'default'
2025-05-27 09:09:24 INFO  com.zaxxer.hikari.HikariDataSource - HikariPool-1 - Shutdown initiated...
2025-05-27 09:09:24 INFO  com.zaxxer.hikari.HikariDataSource - HikariPool-1 - Shutdown completed.
2025-05-27 09:09:28 INFO  c.e.u.UniversityAppApplication - Starting UniversityAppApplication using Java 22.0.1 with PID 15344 (D:\UNIVERSITY\JavaProjects\university\UniversityApp\target\classes started by zin04 in D:\UNIVERSITY\JavaProjects\university\UniversityApp)
2025-05-27 09:09:28 INFO  c.e.u.UniversityAppApplication - No active profile set, falling back to 1 default profile: "default"
2025-05-27 09:09:28 INFO  o.s.b.d.e.DevToolsPropertyDefaultsPostProcessor - Devtools property defaults active! Set 'spring.devtools.add-properties' to 'false' to disable
2025-05-27 09:09:28 INFO  o.s.b.d.e.DevToolsPropertyDefaultsPostProcessor - For additional web related logging consider setting the 'logging.level.web' property to 'DEBUG'
2025-05-27 09:09:28 INFO  o.s.d.r.c.RepositoryConfigurationDelegate - Bootstrapping Spring Data JPA repositories in DEFAULT mode.
2025-05-27 09:09:28 INFO  o.s.d.r.c.RepositoryConfigurationDelegate - Finished Spring Data repository scanning in 42 ms. Found 4 JPA repository interfaces.
2025-05-27 09:09:29 INFO  o.s.b.w.e.tomcat.TomcatWebServer - Tomcat initialized with port 8080 (http)
2025-05-27 09:09:29 INFO  o.s.b.w.s.c.ServletWebServerApplicationContext - Root WebApplicationContext: initialization completed in 1046 ms
2025-05-27 09:09:29 INFO  o.h.jpa.internal.util.LogHelper - HHH000204: Processing PersistenceUnitInfo [name: default]
2025-05-27 09:09:29 INFO  org.hibernate.Version - HHH000412: Hibernate ORM core version 6.5.2.Final
2025-05-27 09:09:29 INFO  o.h.c.i.RegionFactoryInitiator - HHH000026: Second-level cache disabled
2025-05-27 09:09:29 INFO  o.s.o.j.p.SpringPersistenceUnitInfo - No LoadTimeWeaver setup: ignoring JPA class transformer
2025-05-27 09:09:29 INFO  com.zaxxer.hikari.HikariDataSource - HikariPool-1 - Starting...
2025-05-27 09:09:29 INFO  com.zaxxer.hikari.pool.HikariPool - HikariPool-1 - Added connection org.postgresql.jdbc.PgConnection@511ca97b
2025-05-27 09:09:29 INFO  com.zaxxer.hikari.HikariDataSource - HikariPool-1 - Start completed.
2025-05-27 09:09:30 INFO  o.h.e.t.j.p.i.JtaPlatformInitiator - HHH000489: No JTA platform available (set 'hibernate.transaction.jta.platform' to enable JTA platform integration)
2025-05-27 09:09:30 INFO  o.s.o.j.LocalContainerEntityManagerFactoryBean - Initialized JPA EntityManagerFactory for persistence unit 'default'
2025-05-27 09:09:30 INFO  o.s.s.c.a.a.c.InitializeAuthenticationProviderBeanManagerConfigurer$InitializeAuthenticationProviderManagerConfigurer - Global AuthenticationManager configured with AuthenticationProvider bean with name authenticationProvider
2025-05-27 09:09:30 WARN  o.s.s.c.a.a.c.InitializeUserDetailsBeanManagerConfigurer$InitializeUserDetailsManagerConfigurer - Global AuthenticationManager configured with an AuthenticationProvider bean. UserDetailsService beans will not be used for username/password login. Consider removing the AuthenticationProvider bean. Alternatively, consider using the UserDetailsService in a manually instantiated DaoAuthenticationProvider.
2025-05-27 09:09:31 INFO  o.s.s.web.DefaultSecurityFilterChain - Will secure any request with [org.springframework.security.web.session.DisableEncodeUrlFilter@1467ffcf, org.springframework.security.web.context.request.async.WebAsyncManagerIntegrationFilter@72ce173f, org.springframework.security.web.context.SecurityContextHolderFilter@323967b7, org.springframework.security.web.header.HeaderWriterFilter@17cb2799, org.springframework.web.filter.CorsFilter@4d4354b2, org.springframework.security.web.authentication.logout.LogoutFilter@437df46e, com.example.universityapp.security.JwtAuthenticationFilter@74f83db8, org.springframework.security.web.authentication.UsernamePasswordAuthenticationFilter@428fb7bb, org.springframework.security.web.savedrequest.RequestCacheAwareFilter@1596e4c3, org.springframework.security.web.servletapi.SecurityContextHolderAwareRequestFilter@1756a405, org.springframework.security.web.authentication.AnonymousAuthenticationFilter@4bae7609, org.springframework.security.web.session.SessionManagementFilter@4d62ee65, org.springframework.security.web.access.ExceptionTranslationFilter@7e28e63, org.springframework.security.web.access.intercept.AuthorizationFilter@6d216dd9]
2025-05-27 09:09:31 INFO  o.s.b.d.a.OptionalLiveReloadServer - LiveReload server is running on port 35729
2025-05-27 09:09:31 INFO  o.s.b.w.e.tomcat.TomcatWebServer - Tomcat started on port 8080 (http) with context path '/'
2025-05-27 09:09:31 INFO  c.e.u.UniversityAppApplication - Started UniversityAppApplication in 3.481 seconds (process running for 3.999)
2025-05-27 09:10:00 INFO  o.s.o.j.LocalContainerEntityManagerFactoryBean - Closing JPA EntityManagerFactory for persistence unit 'default'
2025-05-27 09:10:00 INFO  com.zaxxer.hikari.HikariDataSource - HikariPool-1 - Shutdown initiated...
2025-05-27 09:10:00 INFO  com.zaxxer.hikari.HikariDataSource - HikariPool-1 - Shutdown completed.
2025-05-27 09:18:05 INFO  c.e.u.UniversityAppApplication - Starting UniversityAppApplication using Java 22.0.1 with PID 19828 (D:\UNIVERSITY\JavaProjects\university\UniversityApp\target\classes started by zin04 in D:\UNIVERSITY\JavaProjects\university\UniversityApp)
2025-05-27 09:18:05 INFO  c.e.u.UniversityAppApplication - No active profile set, falling back to 1 default profile: "default"
2025-05-27 09:18:05 INFO  o.s.b.d.e.DevToolsPropertyDefaultsPostProcessor - Devtools property defaults active! Set 'spring.devtools.add-properties' to 'false' to disable
2025-05-27 09:18:05 INFO  o.s.b.d.e.DevToolsPropertyDefaultsPostProcessor - For additional web related logging consider setting the 'logging.level.web' property to 'DEBUG'
2025-05-27 09:18:06 INFO  o.s.d.r.c.RepositoryConfigurationDelegate - Bootstrapping Spring Data JPA repositories in DEFAULT mode.
2025-05-27 09:18:06 INFO  o.s.d.r.c.RepositoryConfigurationDelegate - Finished Spring Data repository scanning in 40 ms. Found 4 JPA repository interfaces.
2025-05-27 09:18:06 INFO  o.s.b.w.e.tomcat.TomcatWebServer - Tomcat initialized with port 8080 (http)
2025-05-27 09:18:06 INFO  o.s.b.w.s.c.ServletWebServerApplicationContext - Root WebApplicationContext: initialization completed in 1051 ms
2025-05-27 09:18:07 INFO  o.h.jpa.internal.util.LogHelper - HHH000204: Processing PersistenceUnitInfo [name: default]
2025-05-27 09:18:07 INFO  org.hibernate.Version - HHH000412: Hibernate ORM core version 6.5.2.Final
2025-05-27 09:18:07 INFO  o.h.c.i.RegionFactoryInitiator - HHH000026: Second-level cache disabled
2025-05-27 09:18:07 INFO  o.s.o.j.p.SpringPersistenceUnitInfo - No LoadTimeWeaver setup: ignoring JPA class transformer
2025-05-27 09:18:07 INFO  com.zaxxer.hikari.HikariDataSource - HikariPool-1 - Starting...
2025-05-27 09:18:07 INFO  com.zaxxer.hikari.pool.HikariPool - HikariPool-1 - Added connection org.postgresql.jdbc.PgConnection@127697d0
2025-05-27 09:18:07 INFO  com.zaxxer.hikari.HikariDataSource - HikariPool-1 - Start completed.
2025-05-27 09:18:08 INFO  o.h.e.t.j.p.i.JtaPlatformInitiator - HHH000489: No JTA platform available (set 'hibernate.transaction.jta.platform' to enable JTA platform integration)
2025-05-27 09:18:08 INFO  o.s.o.j.LocalContainerEntityManagerFactoryBean - Initialized JPA EntityManagerFactory for persistence unit 'default'
2025-05-27 09:18:08 INFO  o.s.s.c.a.a.c.InitializeAuthenticationProviderBeanManagerConfigurer$InitializeAuthenticationProviderManagerConfigurer - Global AuthenticationManager configured with AuthenticationProvider bean with name authenticationProvider
2025-05-27 09:18:08 WARN  o.s.s.c.a.a.c.InitializeUserDetailsBeanManagerConfigurer$InitializeUserDetailsManagerConfigurer - Global AuthenticationManager configured with an AuthenticationProvider bean. UserDetailsService beans will not be used for username/password login. Consider removing the AuthenticationProvider bean. Alternatively, consider using the UserDetailsService in a manually instantiated DaoAuthenticationProvider.
2025-05-27 09:18:08 INFO  o.s.s.web.DefaultSecurityFilterChain - Will secure any request with [org.springframework.security.web.session.DisableEncodeUrlFilter@15aa09cc, org.springframework.security.web.context.request.async.WebAsyncManagerIntegrationFilter@a770872, org.springframework.security.web.context.SecurityContextHolderFilter@2ca37203, org.springframework.security.web.header.HeaderWriterFilter@353299a9, org.springframework.web.filter.CorsFilter@3799acd, org.springframework.security.web.authentication.logout.LogoutFilter@3d234f5f, com.example.universityapp.security.JwtAuthenticationFilter@4c1bbeca, org.springframework.security.web.authentication.UsernamePasswordAuthenticationFilter@ce0acf5, org.springframework.security.web.savedrequest.RequestCacheAwareFilter@bddf403, org.springframework.security.web.servletapi.SecurityContextHolderAwareRequestFilter@1bc55af, org.springframework.security.web.authentication.AnonymousAuthenticationFilter@53ef7442, org.springframework.security.web.session.SessionManagementFilter@4511e6fa, org.springframework.security.web.access.ExceptionTranslationFilter@1e2bc942, org.springframework.security.web.access.intercept.AuthorizationFilter@7fcc01da]
2025-05-27 09:18:08 INFO  o.s.b.d.a.OptionalLiveReloadServer - LiveReload server is running on port 35729
2025-05-27 09:18:08 INFO  o.s.b.w.e.tomcat.TomcatWebServer - Tomcat started on port 8080 (http) with context path '/'
2025-05-27 09:18:08 INFO  c.e.u.UniversityAppApplication - Started UniversityAppApplication in 3.446 seconds (process running for 4.069)
2025-05-27 09:18:13 INFO  o.s.web.servlet.DispatcherServlet - Initializing Servlet 'dispatcherServlet'
2025-05-27 09:18:13 INFO  o.s.web.servlet.DispatcherServlet - Completed initialization in 0 ms
2025-05-27 09:29:43 INFO  o.s.o.j.LocalContainerEntityManagerFactoryBean - Closing JPA EntityManagerFactory for persistence unit 'default'
2025-05-27 09:29:43 INFO  com.zaxxer.hikari.HikariDataSource - HikariPool-1 - Shutdown initiated...
2025-05-27 09:29:43 INFO  com.zaxxer.hikari.HikariDataSource - HikariPool-1 - Shutdown completed.
2025-05-27 09:45:22 INFO  c.e.u.UniversityAppApplication - Starting UniversityAppApplication using Java 22.0.1 with PID 17080 (D:\UNIVERSITY\JavaProjects\university\UniversityApp\target\classes started by zin04 in D:\UNIVERSITY\JavaProjects\university\UniversityApp)
2025-05-27 09:45:22 INFO  c.e.u.UniversityAppApplication - No active profile set, falling back to 1 default profile: "default"
2025-05-27 09:45:22 INFO  o.s.b.d.e.DevToolsPropertyDefaultsPostProcessor - Devtools property defaults active! Set 'spring.devtools.add-properties' to 'false' to disable
2025-05-27 09:45:22 INFO  o.s.b.d.e.DevToolsPropertyDefaultsPostProcessor - For additional web related logging consider setting the 'logging.level.web' property to 'DEBUG'
2025-05-27 09:45:23 INFO  o.s.d.r.c.RepositoryConfigurationDelegate - Bootstrapping Spring Data JPA repositories in DEFAULT mode.
2025-05-27 09:45:23 INFO  o.s.d.r.c.RepositoryConfigurationDelegate - Finished Spring Data repository scanning in 41 ms. Found 4 JPA repository interfaces.
2025-05-27 09:45:23 INFO  o.s.b.w.e.tomcat.TomcatWebServer - Tomcat initialized with port 8080 (http)
2025-05-27 09:45:23 INFO  o.s.b.w.s.c.ServletWebServerApplicationContext - Root WebApplicationContext: initialization completed in 1108 ms
2025-05-27 09:45:23 INFO  o.h.jpa.internal.util.LogHelper - HHH000204: Processing PersistenceUnitInfo [name: default]
2025-05-27 09:45:24 INFO  org.hibernate.Version - HHH000412: Hibernate ORM core version 6.5.2.Final
2025-05-27 09:45:24 INFO  o.h.c.i.RegionFactoryInitiator - HHH000026: Second-level cache disabled
2025-05-27 09:45:24 INFO  o.s.o.j.p.SpringPersistenceUnitInfo - No LoadTimeWeaver setup: ignoring JPA class transformer
2025-05-27 09:45:24 INFO  com.zaxxer.hikari.HikariDataSource - HikariPool-1 - Starting...
2025-05-27 09:45:24 INFO  com.zaxxer.hikari.pool.HikariPool - HikariPool-1 - Added connection org.postgresql.jdbc.PgConnection@6215fada
2025-05-27 09:45:24 INFO  com.zaxxer.hikari.HikariDataSource - HikariPool-1 - Start completed.
2025-05-27 09:45:24 WARN  org.hibernate.orm.deprecation - HHH90000025: PostgreSQLDialect does not need to be specified explicitly using 'hibernate.dialect' (remove the property setting and it will be selected by default)
2025-05-27 09:45:25 INFO  o.h.e.t.j.p.i.JtaPlatformInitiator - HHH000489: No JTA platform available (set 'hibernate.transaction.jta.platform' to enable JTA platform integration)
2025-05-27 09:45:25 INFO  o.s.o.j.LocalContainerEntityManagerFactoryBean - Initialized JPA EntityManagerFactory for persistence unit 'default'
2025-05-27 09:45:25 INFO  o.s.s.c.a.a.c.InitializeAuthenticationProviderBeanManagerConfigurer$InitializeAuthenticationProviderManagerConfigurer - Global AuthenticationManager configured with AuthenticationProvider bean with name authenticationProvider
2025-05-27 09:45:25 WARN  o.s.s.c.a.a.c.InitializeUserDetailsBeanManagerConfigurer$InitializeUserDetailsManagerConfigurer - Global AuthenticationManager configured with an AuthenticationProvider bean. UserDetailsService beans will not be used for username/password login. Consider removing the AuthenticationProvider bean. Alternatively, consider using the UserDetailsService in a manually instantiated DaoAuthenticationProvider.
2025-05-27 09:45:25 INFO  o.s.s.web.DefaultSecurityFilterChain - Will secure any request with [org.springframework.security.web.session.DisableEncodeUrlFilter@2055b476, org.springframework.security.web.context.request.async.WebAsyncManagerIntegrationFilter@58b5fc30, org.springframework.security.web.context.SecurityContextHolderFilter@431eb364, org.springframework.security.web.header.HeaderWriterFilter@151b6116, org.springframework.web.filter.CorsFilter@26876862, org.springframework.security.web.authentication.logout.LogoutFilter@2fc87689, com.example.universityapp.security.JwtAuthenticationFilter@7b084c2b, org.springframework.security.web.authentication.UsernamePasswordAuthenticationFilter@7d106b97, org.springframework.security.web.savedrequest.RequestCacheAwareFilter@49de23b8, org.springframework.security.web.servletapi.SecurityContextHolderAwareRequestFilter@71e3ef78, org.springframework.security.web.authentication.AnonymousAuthenticationFilter@3a5be50b, org.springframework.security.web.session.SessionManagementFilter@713ab2d1, org.springframework.security.web.access.ExceptionTranslationFilter@555f9a75, org.springframework.security.web.access.intercept.AuthorizationFilter@183c1498]
2025-05-27 09:45:26 INFO  o.s.b.d.a.OptionalLiveReloadServer - LiveReload server is running on port 35729
2025-05-27 09:45:26 INFO  o.s.b.w.e.tomcat.TomcatWebServer - Tomcat started on port 8080 (http) with context path '/'
2025-05-27 09:45:26 INFO  c.e.u.UniversityAppApplication - Started UniversityAppApplication in 3.799 seconds (process running for 4.422)
2025-05-27 09:45:30 INFO  o.s.web.servlet.DispatcherServlet - Initializing Servlet 'dispatcherServlet'
2025-05-27 09:45:30 INFO  o.s.web.servlet.DispatcherServlet - Completed initialization in 1 ms
2025-05-27 09:49:43 INFO  o.s.o.j.LocalContainerEntityManagerFactoryBean - Closing JPA EntityManagerFactory for persistence unit 'default'
2025-05-27 09:49:43 INFO  com.zaxxer.hikari.HikariDataSource - HikariPool-1 - Shutdown initiated...
2025-05-27 09:49:43 INFO  com.zaxxer.hikari.HikariDataSource - HikariPool-1 - Shutdown completed.
